REPOSITORY                TAG                 IMAGE ID            CREATED              SIZE
vscoder/ubuntu-tmp-file   latest              e63bb81dd3f0        About a minute ago   123MB
ubuntu                    16.04               5f2bf26e3524        42 hours ago         123MB
nginx                     latest              540a289bab6c        10 days ago          126MB
hello-world               latest              fce289e99eb9        10 months ago        1.84kB

Анализ команд
# docker inspect <u_image_id>
и
# docker inspect <u_container_id>
показал, что
В описании контейнера присутствуют такие элементы, как:
  "State": {}  # Описание текущего статуса контейнера (запущен/остановлен/упал и т.п.) 
  "Image": ""  # Чексумма образа-основы
  "NetworkSettings":  # Параметры подключенных к контейнеру сетей
  и т.п. Подробнее в README.md
Эти параметры характерны для уже запущенного окружения.

В описании образа же присутствуют только параметры, описывающие сам образ, 
родительский образ и характеристики контейнера, с помощью которого создавался образ.
Образ не имеет параметров, характерных для уже запущенного окружения.
Только параметры по-умолчанию, которые будут использованы при запуске контейнера.
Подробнее в README.md

Так же, в описании образа присутствует структура
"GraphDriver": { # https://docs.docker.com/storage/storagedriver/select-storage-driver/
    "Data": {
        "LowerDir": "/var/lib/docker/overlay2/897edb9e383005a310bb7685eda9b259c5c0b7740d2d65e7d1c44f228dc73ce9/diff:/var/lib/docker/overlay2/bc1b6b3a839591c8870d5aa8ad328af83c5325b82a88163986a0186b11016921/diff:/var/lib/docker/overlay2/11810c8b5bbff1b9b14089bcef62d0029a39ae0686c51a5ce0e616e71f2573bf/diff",
        "MergedDir": "/var/lib/docker/overlay2/8dac1ac5277e9c3bf4e3d7111d947bf2f4553dd85764077b0ed057d3e1b93022/merged",
        "UpperDir": "/var/lib/docker/overlay2/8dac1ac5277e9c3bf4e3d7111d947bf2f4553dd85764077b0ed057d3e1b93022/diff",
        "WorkDir": "/var/lib/docker/overlay2/8dac1ac5277e9c3bf4e3d7111d947bf2f4553dd85764077b0ed057d3e1b93022/work"
    },
    "Name": "overlay2"  https://docs.docker.com/storage/storagedriver/overlayfs-driver/#how-the-overlay2-driver-works
}

В описании контейнера так же присутствует такая стурктура
"GraphDriver": {
    "Data": {
        "LowerDir": "/var/lib/docker/overlay2/7ebf817bfc93f412448a4e804d2f149b25d4072c6985ab185216648194786889-init/diff:/var/lib/docker/overlay2/8dac1ac5277e9c3bf4e3d7111d947bf2f4553dd85764077b0ed057d3e1b93022/diff:/var/lib/docker/overlay2/897edb9e383005a310bb7685eda9b259c5c0b7740d2d65e7d1c44f228dc73ce9/diff:/var/lib/docker/overlay2/bc1b6b3a839591c8870d5aa8ad328af83c5325b82a88163986a0186b11016921/diff:/var/lib/docker/overlay2/11810c8b5bbff1b9b14089bcef62d0029a39ae0686c51a5ce0e616e71f2573bf/diff",
        "MergedDir": "/var/lib/docker/overlay2/7ebf817bfc93f412448a4e804d2f149b25d4072c6985ab185216648194786889/merged",
        "UpperDir": "/var/lib/docker/overlay2/7ebf817bfc93f412448a4e804d2f149b25d4072c6985ab185216648194786889/diff",
        "WorkDir": "/var/lib/docker/overlay2/7ebf817bfc93f412448a4e804d2f149b25d4072c6985ab185216648194786889/work"
    },
    "Name": "overlay2"  https://docs.docker.com/storage/storagedriver/overlayfs-driver/#how-the-overlay2-driver-works
}
где видно, что элементы "LowerDir" ссылаются на содержимое "UpperDir" образа (diff), а так же на элементы "LowerDir" образа.
То есть, фактически, наследуются от образа и всех его родителей. Учитывая то, что overlay2 работает по принципу,
что запись ведётся только в самый верхний образ, следует что контейнер при работе может читать содержимое ФС образа,
но изменить его никак не может.

Из вышеописанного можно сделать вывод, что контейнер -- это уже запущенное окружение на базе ранее созданного образа.
